<?xml version="1.0" encoding="UTF-8"?>
<!-- Generated by org.testng.reporters.JUnitReportReporter -->
<testsuite hostname="BindhuPrasads-PC" failures="0" tests="1" name="com.project.test.SearchTest" time="81.291" errors="0" timestamp="9 Mar 2021 14:33:19 GMT">
  <testcase classname="com.project.test.SearchTest" name="TestCase_001" time="81.291"/>
</testsuite> <!-- com.project.test.SearchTest -->
