<?xml version="1.0" encoding="UTF-8"?>
<!-- Generated by org.testng.reporters.JUnitReportReporter -->
<testsuite hostname="BindhuPrasads-PC" name="com.autohero.test.SearchTest" tests="2" failures="0" timestamp="16 Mar 2021 13:40:53 GMT" time="173.032" errors="0">
  <testcase name="TestCase_002" time="87.110" classname="com.autohero.test.SearchTest"/>
  <testcase name="TestCase_001" time="85.922" classname="com.autohero.test.SearchTest"/>
</testsuite> <!-- com.autohero.test.SearchTest -->
